
  .   ____          _            __ _ _
 /\\ / ___'_ __ _ _(_)_ __  __ _ \ \ \ \
( ( )\___ | '_ | '_| | '_ \/ _` | \ \ \ \
 \\/  ___)| |_)| | | | | || (_| |  ) ) ) )
  '  |____| .__|_| |_|_| |_\__, | / / / /
 =========|_|==============|___/=/_/_/_/
 :: Spring Boot ::                (v2.7.8)

2025-12-23 10:53:13.439  INFO 27584 --- [           main] com.jobportal.JobPortalApplication       : Starting JobPortalApplication v0.1.0 using Java 21.0.8 on LAPTOP-SQIQHJR4 with PID 27584 (C:\Users\Chiranjeevi Chiranth\OneDrive\Desktop\Java Project\Sample\Sample\backend\target\job-portal-backend-0.1.0.jar started by Chiranjeevi Chiranth in C:\Users\Chiranjeevi Chiranth\OneDrive\Desktop\Java Project\Sample\Sample\backend)
2025-12-23 10:53:13.452  INFO 27584 --- [           main] com.jobportal.JobPortalApplication       : No active profile set, falling back to 1 default profile: "default"
2025-12-23 10:53:14.813  INFO 27584 --- [           main] .s.d.r.c.RepositoryConfigurationDelegate : Bootstrapping Spring Data JPA repositories in DEFAULT mode.
2025-12-23 10:53:14.927  INFO 27584 --- [           main] .s.d.r.c.RepositoryConfigurationDelegate : Finished Spring Data repository scanning in 94 ms. Found 3 JPA repository interfaces.
2025-12-23 10:53:16.149  INFO 27584 --- [           main] o.s.b.w.embedded.tomcat.TomcatWebServer  : Tomcat initialized with port(s): 8080 (http)
2025-12-23 10:53:16.168  INFO 27584 --- [           main] o.apache.catalina.core.StandardService   : Starting service [Tomcat]
2025-12-23 10:53:16.169  INFO 27584 --- [           main] org.apache.catalina.core.StandardEngine  : Starting Servlet engine: [Apache Tomcat/9.0.71]
2025-12-23 10:53:16.304  INFO 27584 --- [           main] o.a.c.c.C.[Tomcat].[localhost].[/]       : Initializing Spring embedded WebApplicationContext
2025-12-23 10:53:16.305  INFO 27584 --- [           main] w.s.c.ServletWebServerApplicationContext : Root WebApplicationContext: initialization completed in 2713 ms
2025-12-23 10:53:16.549  INFO 27584 --- [           main] o.f.c.internal.license.VersionPrinter    : Flyway Community Edition 8.5.13 by Redgate
2025-12-23 10:53:16.550  INFO 27584 --- [           main] o.f.c.internal.license.VersionPrinter    : See what's new here: https://flywaydb.org/documentation/learnmore/releaseNotes#8.5.13
2025-12-23 10:53:16.550  INFO 27584 --- [           main] o.f.c.internal.license.VersionPrinter    : 
2025-12-23 10:53:16.563  INFO 27584 --- [           main] com.zaxxer.hikari.HikariDataSource       : HikariPool-1 - Starting...
2025-12-23 10:53:16.948  INFO 27584 --- [           main] com.zaxxer.hikari.HikariDataSource       : HikariPool-1 - Start completed.
2025-12-23 10:53:16.969  INFO 27584 --- [           main] o.f.c.i.database.base.BaseDatabaseType   : Database: jdbc:h2:mem:jobportal (H2 2.1)
2025-12-23 10:53:17.020  WARN 27584 --- [           main] o.f.c.internal.database.base.Database    : Flyway upgrade recommended: H2 2.1.214 is newer than this version of Flyway and support has not been tested. The latest supported version of H2 is 2.1.210.
2025-12-23 10:53:17.052  INFO 27584 --- [           main] o.f.core.internal.command.DbValidate     : Successfully validated 1 migration (execution time 00:00.015s)
2025-12-23 10:53:17.064  INFO 27584 --- [           main] o.f.c.i.s.JdbcTableSchemaHistory         : Creating Schema History table "PUBLIC"."flyway_schema_history" ...
2025-12-23 10:53:17.099  INFO 27584 --- [           main] o.f.core.internal.command.DbMigrate      : Current version of schema "PUBLIC": << Empty Schema >>
2025-12-23 10:53:17.113  INFO 27584 --- [           main] o.f.core.internal.command.DbMigrate      : Migrating schema "PUBLIC" to version "1 - init"
2025-12-23 10:53:17.138  INFO 27584 --- [           main] o.f.core.internal.command.DbMigrate      : Successfully applied 1 migration to schema "PUBLIC", now at version v1 (execution time 00:00.041s)
2025-12-23 10:53:17.266  INFO 27584 --- [           main] o.hibernate.jpa.internal.util.LogHelper  : HHH000204: Processing PersistenceUnitInfo [name: default]
2025-12-23 10:53:17.359  INFO 27584 --- [           main] org.hibernate.Version                    : HHH000412: Hibernate ORM core version 5.6.14.Final
2025-12-23 10:53:17.652  INFO 27584 --- [           main] o.hibernate.annotations.common.Version   : HCANN000001: Hibernate Commons Annotations {5.1.2.Final}
2025-12-23 10:53:17.903  INFO 27584 --- [           main] org.hibernate.dialect.Dialect            : HHH000400: Using dialect: org.hibernate.dialect.H2Dialect
2025-12-23 10:53:18.965  INFO 27584 --- [           main] o.h.e.t.j.p.i.JtaPlatformInitiator       : HHH000490: Using JtaPlatform implementation: [org.hibernate.engine.transaction.jta.platform.internal.NoJtaPlatform]
2025-12-23 10:53:18.978  INFO 27584 --- [           main] j.LocalContainerEntityManagerFactoryBean : Initialized JPA EntityManagerFactory for persistence unit 'default'
2025-12-23 10:53:19.623  WARN 27584 --- [           main] JpaBaseConfiguration$JpaWebConfiguration : spring.jpa.open-in-view is enabled by default. Therefore, database queries may be performed during view rendering. Explicitly configure spring.jpa.open-in-view to disable this warning
2025-12-23 10:53:20.083  WARN 27584 --- [           main] .s.s.UserDetailsServiceAutoConfiguration : 

Using generated security password: 70dd5914-b682-4771-a20e-6713f4f4b8f0

This generated password is for development use only. Your security configuration must be updated before running your application in production.

2025-12-23 10:53:20.271  INFO 27584 --- [           main] o.s.s.web.DefaultSecurityFilterChain     : Will secure any request with [org.springframework.security.web.session.DisableEncodeUrlFilter@1c8f6a90, org.springframework.security.web.context.request.async.WebAsyncManagerIntegrationFilter@3050ac2f, org.springframework.security.web.context.SecurityContextPersistenceFilter@298f0a0b, org.springframework.security.web.header.HeaderWriterFilter@7412ed6b, org.springframework.security.web.csrf.CsrfFilter@55d58825, org.springframework.security.web.authentication.logout.LogoutFilter@4acc5dff, org.springframework.security.web.authentication.UsernamePasswordAuthenticationFilter@27e7c77f, org.springframework.security.web.authentication.ui.DefaultLoginPageGeneratingFilter@60e9c3a5, org.springframework.security.web.authentication.ui.DefaultLogoutPageGeneratingFilter@265bd546, org.springframework.security.web.authentication.www.BasicAuthenticationFilter@37c36608, org.springframework.security.web.savedrequest.RequestCacheAwareFilter@31dfc6f5, org.springframework.security.web.servletapi.SecurityContextHolderAwareRequestFilter@37b52340, org.springframework.security.web.authentication.AnonymousAuthenticationFilter@1937eaff, org.springframework.security.web.session.SessionManagementFilter@7b4a0aef, org.springframework.security.web.access.ExceptionTranslationFilter@46aa712c, org.springframework.security.web.access.intercept.FilterSecurityInterceptor@2fcd7d3f]
2025-12-23 10:53:20.367  INFO 27584 --- [           main] o.s.b.w.embedded.tomcat.TomcatWebServer  : Tomcat started on port(s): 8080 (http) with context path ''
2025-12-23 10:53:20.378  INFO 27584 --- [           main] com.jobportal.JobPortalApplication       : Started JobPortalApplication in 8.086 seconds (JVM running for 9.571)
